<?xml version="1.0" encoding="UTF-8"?>
<testng-results ignored="0" total="1" passed="1" failed="0" skipped="0">
  <reporter-output>
  </reporter-output>
  <suite started-at="2024-04-25T11:57:01 IST" name="Default suite" finished-at="2024-04-25T11:57:01 IST" duration-ms="79">
    <groups>
    </groups>
    <test started-at="2024-04-25T11:57:01 IST" name="Default test" finished-at="2024-04-25T11:57:01 IST" duration-ms="79">
      <class name="TestFb.Testing">
        <test-method is-config="true" signature="beforeClass()[pri:0, instance:TestFb.Testing@3527942a]" started-at="2024-04-25T11:57:01 IST" name="beforeClass" finished-at="2024-04-25T11:57:01 IST" duration-ms="11" status="PASS">
          <reporter-output>
          </reporter-output>
        </test-method> <!-- beforeClass -->
        <test-method is-config="true" signature="beforeMethod()[pri:0, instance:TestFb.Testing@3527942a]" started-at="2024-04-25T11:57:01 IST" name="beforeMethod" finished-at="2024-04-25T11:57:01 IST" duration-ms="0" status="PASS">
          <reporter-output>
          </reporter-output>
        </test-method> <!-- beforeMethod -->
        <test-method signature="test123()[pri:0, instance:TestFb.Testing@3527942a]" started-at="2024-04-25T11:57:01 IST" name="test123" finished-at="2024-04-25T11:57:01 IST" duration-ms="10" status="PASS">
          <reporter-output>
          </reporter-output>
        </test-method> <!-- test123 -->
      </class> <!-- TestFb.Testing -->
    </test> <!-- Default test -->
  </suite> <!-- Default suite -->
</testng-results>
